<?xml version="1.0" encoding="UTF-8"?>
<testsuites tests="11" failures="0" disabled="0" errors="0" time="0.011" timestamp="2392-07-12T13:53:06.459" name="AllTests">
  <testsuite name="DrainFileTest" tests="11" failures="0" disabled="0" skipped="0" errors="0" time="0.011" timestamp="2392-07-12T13:53:06.459">
    <testcase name="SunnyDay" file="../../starboard/loader_app/drain_file_test.cc" line="60" status="run" result="completed" time="0.001" timestamp="2392-07-12T13:53:06.459" classname="DrainFileTest" />
    <testcase name="SunnyDayIgnoreExpired" file="../../starboard/loader_app/drain_file_test.cc" line="67" status="run" result="completed" time="0" timestamp="2392-07-12T13:53:06.461" classname="DrainFileTest" />
    <testcase name="SunnyDayTryDrainReusePreviousDrainFile" file="../../starboard/loader_app/drain_file_test.cc" line="77" status="run" result="completed" time="0" timestamp="2392-07-12T13:53:06.462" classname="DrainFileTest" />
    <testcase name="SunnyDayDraining" file="../../starboard/loader_app/drain_file_test.cc" line="84" status="run" result="completed" time="0" timestamp="2392-07-12T13:53:06.462" classname="DrainFileTest" />
    <testcase name="SunnyDayAnotherAppDraining" file="../../starboard/loader_app/drain_file_test.cc" line="95" status="run" result="completed" time="0.001" timestamp="2392-07-12T13:53:06.463" classname="DrainFileTest" />
    <testcase name="SunnyDayRemove" file="../../starboard/loader_app/drain_file_test.cc" line="111" status="run" result="completed" time="0" timestamp="2392-07-12T13:53:06.465" classname="DrainFileTest" />
    <testcase name="SunnyDayClearExpired" file="../../starboard/loader_app/drain_file_test.cc" line="119" status="run" result="completed" time="0.001" timestamp="2392-07-12T13:53:06.466" classname="DrainFileTest" />
    <testcase name="SunnyDayClearForApp" file="../../starboard/loader_app/drain_file_test.cc" line="136" status="run" result="completed" time="0.001" timestamp="2392-07-12T13:53:06.467" classname="DrainFileTest" />
    <testcase name="SunnyDayRankCorrectlyRanksFiles" file="../../starboard/loader_app/drain_file_test.cc" line="157" status="run" result="completed" time="0" timestamp="2392-07-12T13:53:06.468" classname="DrainFileTest" />
    <testcase name="SunnyDayPrepareDirectory" file="../../starboard/loader_app/drain_file_test.cc" line="179" status="run" result="completed" time="0.001" timestamp="2392-07-12T13:53:06.469" classname="DrainFileTest" />
    <testcase name="RainyDayDrainFileAlreadyExists" file="../../starboard/loader_app/drain_file_test.cc" line="214" status="run" result="completed" time="0" timestamp="2392-07-12T13:53:06.470" classname="DrainFileTest" />
  </testsuite>
</testsuites>
